<?xml version="1.0" encoding="UTF-8"?>
<testng-results ignored="0" total="1" passed="1" failed="0" skipped="0">
  <reporter-output>
  </reporter-output>
  <suite started-at="2022-11-08T23:53:43 EAT" name="Suite" finished-at="2022-11-08T23:54:10 EAT" duration-ms="27701">
    <groups>
    </groups>
    <test started-at="2022-11-08T23:53:43 EAT" name="Test" finished-at="2022-11-08T23:54:10 EAT" duration-ms="27701">
      <class name="mytest.Amazon">
        <test-method is-config="true" signature="setup()[pri:0, instance:mytest.Amazon@56528192]" started-at="2022-11-08T23:53:43 EAT" name="setup" finished-at="2022-11-08T23:53:49 EAT" duration-ms="6709" status="PASS">
          <reporter-output>
          </reporter-output>
        </test-method> <!-- setup -->
        <test-method signature="AmazonBasicsProducts()[pri:0, instance:mytest.Amazon@56528192]" started-at="2022-11-08T23:53:49 EAT" name="AmazonBasicsProducts" finished-at="2022-11-08T23:54:10 EAT" duration-ms="20712" status="PASS">
          <reporter-output>
          </reporter-output>
        </test-method> <!-- AmazonBasicsProducts -->
        <test-method is-config="true" signature="tearDown()[pri:0, instance:mytest.Amazon@56528192]" started-at="2022-11-08T23:54:10 EAT" name="tearDown" finished-at="2022-11-08T23:54:10 EAT" duration-ms="254" status="PASS">
          <reporter-output>
          </reporter-output>
        </test-method> <!-- tearDown -->
      </class> <!-- mytest.Amazon -->
    </test> <!-- Test -->
  </suite> <!-- Suite -->
</testng-results>
